<?xml version="1.0" encoding="UTF-8"?>
<!-- Generated by org.testng.reporters.JUnitXMLReporter -->
<testsuite ignored="1" hostname="QT-UK-LT1395" failures="0" tests="1" name="NegativeTest" time="13.963" errors="0" timestamp="2022-04-20T16:31:53 BST">
  <testcase classname="com.herokuapp.theinternetLoginTest.NegativeLoginTest" name="login_error_test" time="13.616"/>
  <testcase classname="com.herokuapp.theinternetLoginTest.NegativeLoginTest" name="login_error_test2" time="0.0">
    <ignored/>
  </testcase> <!-- login_error_test2 -->
</testsuite> <!-- NegativeTest -->
