<?xml version="1.0" encoding="UTF-8"?>
<testsuite xmlns:xsi="http://www.w3.org/2001/XMLSchema-instance" xsi:noNamespaceSchemaLocation="https://maven.apache.org/surefire/maven-surefire-plugin/xsd/surefire-test-report.xsd" name="TestSuite" time="18.706" tests="2" errors="0" skipped="0" failures="2">
  <properties>
[...]
</properties>
  <testcase name="loginTest" classname="com.herokuapp.theinternet.PositiveTest" time="9.92">
    <failure message="Actual message is not the same as expected expected [You logged out of the secure area!&#10;×] but found [You logged out of the secure area!&#10;Ã—]" type="java.lang.AssertionError">java.lang.AssertionError: 
Actual message is not the same as expected expected [You logged out of the secure area!
×] but found [You logged out of the secure area!
Ã—]
	at com.herokuapp.theinternet.PositiveTest.loginTest(PositiveTest.java:66)
</failure>
    <system-out><![CDATA[Starting loginTest
Page is opened
You logged out of the secure area!
×
You logged out of the secure area!
Ã—
]]></system-out>
    <system-err><![CDATA[SLF4J: Failed to load class "org.slf4j.impl.StaticLoggerBinder".
SLF4J: Defaulting to no-operation (NOP) logger implementation
SLF4J: See http://www.slf4j.org/codes.html#StaticLoggerBinder for further details.
Starting ChromeDriver 99.0.4844.51 (d537ec02474b5afe23684e7963d538896c63ac77-refs/branch-heads/4844@{#875}) on port 16083
Only local connections are allowed.
Please see https://chromedriver.chromium.org/security-considerations for suggestions on keeping ChromeDriver safe.
ChromeDriver was started successfully.
Mar 21, 2022 5:07:31 PM org.openqa.selenium.remote.ProtocolHandshake createSession
INFO: Detected dialect: W3C
]]></system-err>
  </testcase>
  <testcase name="login_error_test" classname="com.herokuapp.theinternet.NegativeTest" time="8.259">
    <failure message="Actual message is not the same as expected expected [Your username is invalid!&#10;×] but found [Your username is invalid!&#10;Ã—]" type="java.lang.AssertionError">java.lang.AssertionError: 
Actual message is not the same as expected expected [Your username is invalid!
×] but found [Your username is invalid!
Ã—]
	at com.herokuapp.theinternet.NegativeTest.login_error_test(NegativeTest.java:65)
</failure>
    <system-out><![CDATA[Starting loginTest
Page is opened
Your username is invalid!
×
Your username is invalid!
Ã—
]]></system-out>
    <system-err><![CDATA[Starting ChromeDriver 99.0.4844.51 (d537ec02474b5afe23684e7963d538896c63ac77-refs/branch-heads/4844@{#875}) on port 48612
Only local connections are allowed.
Please see https://chromedriver.chromium.org/security-considerations for suggestions on keeping ChromeDriver safe.
ChromeDriver was started successfully.
Mar 21, 2022 5:07:41 PM org.openqa.selenium.remote.ProtocolHandshake createSession
INFO: Detected dialect: W3C
]]></system-err>
  </testcase>
</testsuite>