<?xml version="1.0" encoding="UTF-8"?>
<testng-results ignored="0" total="1" passed="1" failed="0" skipped="0">
  <reporter-output>
  </reporter-output>
  <suite started-at="2022-11-04T11:52:56 CET" name="Default Suite" finished-at="2022-11-04T11:53:08 CET" duration-ms="11950">
    <groups>
    </groups>
    <test started-at="2022-11-04T11:52:56 CET" name="Selenium_With_Java_I" finished-at="2022-11-04T11:53:08 CET" duration-ms="11950">
      <class name="com.herokuapp.theinternetLoginTest.Test_Pages_DragDrop">
        <test-method is-config="true" signature="setUp(java.lang.reflect.Method,java.lang.String,java.lang.String,java.lang.String,org.testng.ITestContext)[pri:0, instance:com.herokuapp.theinternetLoginTest.Test_Pages_DragDrop@6580cfdd]" started-at="2022-11-04T11:52:57 CET" name="setUp" finished-at="2022-11-04T11:53:00 CET" duration-ms="3405" status="PASS">
          <params>
            <param index="0">
              <value>
                <![CDATA[public void com.herokuapp.theinternetLoginTest.Test_Pages_DragDrop.Drag_and_drop() throws java.lang.InterruptedException]]>
              </value>
            </param>
            <param index="1">
              <value>
                <![CDATA[chrome]]>
              </value>
            </param>
            <param index="2">
              <value is-null="true"/>
            </param>
            <param index="3">
              <value is-null="true"/>
            </param>
            <param index="4">
              <value>
                <![CDATA[org.testng.TestRunner@51ec2df1]]>
              </value>
            </param>
          </params>
          <reporter-output>
          </reporter-output>
        </test-method> <!-- setUp -->
        <test-method signature="Drag_and_drop()[pri:0, instance:com.herokuapp.theinternetLoginTest.Test_Pages_DragDrop@6580cfdd]" started-at="2022-11-04T11:53:00 CET" name="Drag_and_drop" finished-at="2022-11-04T11:53:08 CET" duration-ms="7474" status="PASS">
          <reporter-output>
          </reporter-output>
        </test-method> <!-- Drag_and_drop -->
        <test-method is-config="true" signature="tearDown()[pri:0, instance:com.herokuapp.theinternetLoginTest.Test_Pages_DragDrop@6580cfdd]" started-at="2022-11-04T11:53:08 CET" name="tearDown" finished-at="2022-11-04T11:53:08 CET" duration-ms="416" status="PASS">
          <reporter-output>
          </reporter-output>
        </test-method> <!-- tearDown -->
      </class> <!-- com.herokuapp.theinternetLoginTest.Test_Pages_DragDrop -->
    </test> <!-- Selenium_With_Java_I -->
  </suite> <!-- Default Suite -->
</testng-results>
